<?xml version="1.0" encoding="utf-8"?><testsuites name="pytest tests"><testsuite name="pytest" errors="0" failures="0" skipped="0" tests="13" time="1.668" timestamp="2026-03-05T22:13:30.968011+00:00" hostname="agent-env-c0ccad95-6c01-4310-b985-0d32a56e60e1"><testcase classname="backend.tests.test_authenticated_api.TestLogin" name="test_admin_login_success" time="0.152" /><testcase classname="backend.tests.test_authenticated_api.TestLogin" name="test_consultant_login_success" time="0.065" /><testcase classname="backend.tests.test_authenticated_api.TestLogin" name="test_login_with_invalid_credentials_fails" time="0.060" /><testcase classname="backend.tests.test_authenticated_api.TestLogin" name="test_auth_me_with_valid_token" time="0.123" /><testcase classname="backend.tests.test_authenticated_api.TestEngagements" name="test_get_engagements_as_admin" time="0.069" /><testcase classname="backend.tests.test_authenticated_api.TestEngagements" name="test_get_engagement_by_id" time="0.058" /><testcase classname="backend.tests.test_authenticated_api.TestFourBlockerAPI" name="test_four_blocker_returns_correct_structure" time="0.125" /><testcase classname="backend.tests.test_authenticated_api.TestMilestoneDateChangeAPI" name="test_milestone_change_date_api" time="0.133" /><testcase classname="backend.tests.test_authenticated_api.TestMilestoneDateChangeAPI" name="test_milestone_date_history_endpoint" time="0.123" /><testcase classname="backend.tests.test_authenticated_api.TestRAGTrendAPI" name="test_rag_trend_returns_data" time="0.134" /><testcase classname="backend.tests.test_authenticated_api.TestRiskCRUD" name="test_create_and_get_risk" time="0.243" /><testcase classname="backend.tests.test_authenticated_api.TestIssueCRUD" name="test_create_and_get_issue" time="0.253" /><testcase classname="backend.tests.test_authenticated_api.TestDashboardSummary" name="test_dashboard_summary_returns_data" time="0.071" /></testsuite></testsuites>