<?xml version="1.0" encoding="utf-8"?><testsuites name="pytest tests"><testsuite name="pytest" errors="0" failures="0" skipped="0" tests="24" time="2.893" timestamp="2026-03-05T22:35:04.185268+00:00" hostname="agent-env-c0ccad95-6c01-4310-b985-0d32a56e60e1"><testcase classname="backend.tests.test_meetings_action_items_api.TestMeetingCRUD" name="test_create_meeting" time="0.292" /><testcase classname="backend.tests.test_meetings_action_items_api.TestMeetingCRUD" name="test_get_meetings_by_engagement" time="0.064" /><testcase classname="backend.tests.test_meetings_action_items_api.TestMeetingCRUD" name="test_update_meeting" time="0.063" /><testcase classname="backend.tests.test_meetings_action_items_api.TestMeetingCRUD" name="test_delete_meeting" time="0.122" /><testcase classname="backend.tests.test_meetings_action_items_api.TestActionItemCRUD" name="test_create_action_item_standalone" time="0.070" /><testcase classname="backend.tests.test_meetings_action_items_api.TestActionItemCRUD" name="test_create_action_item_linked_to_meeting" time="0.138" /><testcase classname="backend.tests.test_meetings_action_items_api.TestActionItemCRUD" name="test_get_action_items_by_engagement" time="0.075" /><testcase classname="backend.tests.test_meetings_action_items_api.TestActionItemCRUD" name="test_update_action_item_status" time="0.065" /><testcase classname="backend.tests.test_meetings_action_items_api.TestActionItemCRUD" name="test_delete_action_item" time="0.062" /><testcase classname="backend.tests.test_meetings_action_items_api.TestActionItemCRUD" name="test_cleanup_linked_action_item_and_meeting" time="0.124" /><testcase classname="backend.tests.test_meetings_action_items_api.TestFourBlockerMeetingsActions" name="test_four_blocker_includes_meetings_block" time="0.060" /><testcase classname="backend.tests.test_meetings_action_items_api.TestFourBlockerMeetingsActions" name="test_four_blocker_includes_action_items_block" time="0.056" /><testcase classname="backend.tests.test_meetings_action_items_api.TestMeetingTypes" name="test_create_meeting_with_various_types[CLIENT_CALL]" time="0.129" /><testcase classname="backend.tests.test_meetings_action_items_api.TestMeetingTypes" name="test_create_meeting_with_various_types[INTERNAL_SYNC]" time="0.122" /><testcase classname="backend.tests.test_meetings_action_items_api.TestMeetingTypes" name="test_create_meeting_with_various_types[STEERING_COMMITTEE]" time="0.134" /><testcase classname="backend.tests.test_meetings_action_items_api.TestMeetingTypes" name="test_create_meeting_with_various_types[WORKSHOP]" time="0.185" /><testcase classname="backend.tests.test_meetings_action_items_api.TestMeetingTypes" name="test_create_meeting_with_various_types[REVIEW]" time="0.130" /><testcase classname="backend.tests.test_meetings_action_items_api.TestMeetingTypes" name="test_create_meeting_with_various_types[OTHER]" time="0.133" /><testcase classname="backend.tests.test_meetings_action_items_api.TestActionItemStatusesPriorities" name="test_action_item_statuses[OPEN]" time="0.136" /><testcase classname="backend.tests.test_meetings_action_items_api.TestActionItemStatusesPriorities" name="test_action_item_statuses[IN_PROGRESS]" time="0.113" /><testcase classname="backend.tests.test_meetings_action_items_api.TestActionItemStatusesPriorities" name="test_action_item_statuses[DONE]" time="0.159" /><testcase classname="backend.tests.test_meetings_action_items_api.TestActionItemStatusesPriorities" name="test_action_item_priorities[LOW]" time="0.132" /><testcase classname="backend.tests.test_meetings_action_items_api.TestActionItemStatusesPriorities" name="test_action_item_priorities[MEDIUM]" time="0.124" /><testcase classname="backend.tests.test_meetings_action_items_api.TestActionItemStatusesPriorities" name="test_action_item_priorities[HIGH]" time="0.121" /></testsuite></testsuites>