<?xml version="1.0" encoding="utf-8"?><testsuites name="pytest tests"><testsuite name="pytest" errors="0" failures="0" skipped="0" tests="48" time="3.875" timestamp="2026-02-14T01:08:18.388352+00:00" hostname="agent-env-2ad42b17-d338-4a99-b526-a112f35624e7"><testcase classname="backend.tests.test_engagement_pulse_api.TestAPIHealth" name="test_api_root_responds" time="0.215" /><testcase classname="backend.tests.test_engagement_pulse_api.TestAPIHealth" name="test_invalid_endpoint_returns_404" time="0.085" /><testcase classname="backend.tests.test_engagement_pulse_api.TestSeedData" name="test_seed_data_endpoint_works" time="0.078" /><testcase classname="backend.tests.test_engagement_pulse_api.TestAuthEndpoints" name="test_auth_me_requires_authentication" time="0.138" /><testcase classname="backend.tests.test_engagement_pulse_api.TestAuthEndpoints" name="test_auth_logout_works_without_session" time="0.082" /><testcase classname="backend.tests.test_engagement_pulse_api.TestEngagementsEndpoint" name="test_get_engagements_requires_auth" time="0.059" /><testcase classname="backend.tests.test_engagement_pulse_api.TestEngagementsEndpoint" name="test_get_engagements_with_invalid_token_returns_401" time="0.066" /><testcase classname="backend.tests.test_engagement_pulse_api.TestEngagementsEndpoint" name="test_get_engagement_by_id_requires_auth" time="0.072" /><testcase classname="backend.tests.test_engagement_pulse_api.TestEngagementsEndpoint" name="test_create_engagement_requires_auth" time="0.063" /><testcase classname="backend.tests.test_engagement_pulse_api.TestEngagementsEndpoint" name="test_update_engagement_requires_auth" time="0.064" /><testcase classname="backend.tests.test_engagement_pulse_api.TestEngagementsEndpoint" name="test_delete_engagement_requires_auth" time="0.060" /><testcase classname="backend.tests.test_engagement_pulse_api.TestPulsesEndpoint" name="test_get_pulses_requires_auth" time="0.068" /><testcase classname="backend.tests.test_engagement_pulse_api.TestPulsesEndpoint" name="test_get_pulses_with_engagement_filter_requires_auth" time="0.066" /><testcase classname="backend.tests.test_engagement_pulse_api.TestPulsesEndpoint" name="test_get_current_week_pulse_requires_auth" time="0.079" /><testcase classname="backend.tests.test_engagement_pulse_api.TestPulsesEndpoint" name="test_get_pulse_by_id_requires_auth" time="0.066" /><testcase classname="backend.tests.test_engagement_pulse_api.TestPulsesEndpoint" name="test_create_pulse_requires_auth" time="0.066" /><testcase classname="backend.tests.test_engagement_pulse_api.TestPulsesEndpoint" name="test_update_pulse_requires_auth" time="0.088" /><testcase classname="backend.tests.test_engagement_pulse_api.TestMilestonesEndpoint" name="test_get_milestones_requires_auth" time="0.061" /><testcase classname="backend.tests.test_engagement_pulse_api.TestMilestonesEndpoint" name="test_get_milestones_with_engagement_filter_requires_auth" time="0.075" /><testcase classname="backend.tests.test_engagement_pulse_api.TestMilestonesEndpoint" name="test_create_milestone_requires_auth" time="0.075" /><testcase classname="backend.tests.test_engagement_pulse_api.TestMilestonesEndpoint" name="test_update_milestone_requires_auth" time="0.067" /><testcase classname="backend.tests.test_engagement_pulse_api.TestMilestonesEndpoint" name="test_delete_milestone_requires_auth" time="0.060" /><testcase classname="backend.tests.test_engagement_pulse_api.TestRisksEndpoint" name="test_get_risks_requires_auth" time="0.072" /><testcase classname="backend.tests.test_engagement_pulse_api.TestRisksEndpoint" name="test_get_risks_with_engagement_filter_requires_auth" time="0.099" /><testcase classname="backend.tests.test_engagement_pulse_api.TestRisksEndpoint" name="test_get_risks_with_status_filter_requires_auth" time="0.079" /><testcase classname="backend.tests.test_engagement_pulse_api.TestRisksEndpoint" name="test_create_risk_requires_auth" time="0.098" /><testcase classname="backend.tests.test_engagement_pulse_api.TestRisksEndpoint" name="test_update_risk_requires_auth" time="0.121" /><testcase classname="backend.tests.test_engagement_pulse_api.TestRisksEndpoint" name="test_delete_risk_requires_auth" time="0.065" /><testcase classname="backend.tests.test_engagement_pulse_api.TestIssuesEndpoint" name="test_get_issues_requires_auth" time="0.064" /><testcase classname="backend.tests.test_engagement_pulse_api.TestIssuesEndpoint" name="test_get_issues_with_engagement_filter_requires_auth" time="0.061" /><testcase classname="backend.tests.test_engagement_pulse_api.TestIssuesEndpoint" name="test_get_issues_with_status_filter_requires_auth" time="0.078" /><testcase classname="backend.tests.test_engagement_pulse_api.TestIssuesEndpoint" name="test_get_issues_with_severity_filter_requires_auth" time="0.094" /><testcase classname="backend.tests.test_engagement_pulse_api.TestIssuesEndpoint" name="test_create_issue_requires_auth" time="0.073" /><testcase classname="backend.tests.test_engagement_pulse_api.TestIssuesEndpoint" name="test_update_issue_requires_auth" time="0.069" /><testcase classname="backend.tests.test_engagement_pulse_api.TestIssuesEndpoint" name="test_delete_issue_requires_auth" time="0.060" /><testcase classname="backend.tests.test_engagement_pulse_api.TestDashboardEndpoint" name="test_get_dashboard_summary_requires_auth" time="0.066" /><testcase classname="backend.tests.test_engagement_pulse_api.TestDashboardEndpoint" name="test_get_dashboard_summary_with_invalid_token_returns_401" time="0.075" /><testcase classname="backend.tests.test_engagement_pulse_api.TestDashboardEndpoint" name="test_get_rag_trend_requires_auth" time="0.060" /><testcase classname="backend.tests.test_engagement_pulse_api.TestOtherEndpoints" name="test_get_clients_requires_auth" time="0.083" /><testcase classname="backend.tests.test_engagement_pulse_api.TestOtherEndpoints" name="test_get_users_requires_auth" time="0.090" /><testcase classname="backend.tests.test_engagement_pulse_api.TestOtherEndpoints" name="test_get_contacts_requires_auth" time="0.083" /><testcase classname="backend.tests.test_engagement_pulse_api.TestOtherEndpoints" name="test_get_activity_logs_requires_auth" time="0.062" /><testcase classname="backend.tests.test_engagement_pulse_api.TestEndpointExistence" name="test_engagements_endpoint_exists" time="0.071" /><testcase classname="backend.tests.test_engagement_pulse_api.TestEndpointExistence" name="test_pulses_endpoint_exists" time="0.068" /><testcase classname="backend.tests.test_engagement_pulse_api.TestEndpointExistence" name="test_milestones_endpoint_exists" time="0.076" /><testcase classname="backend.tests.test_engagement_pulse_api.TestEndpointExistence" name="test_risks_endpoint_exists" time="0.088" /><testcase classname="backend.tests.test_engagement_pulse_api.TestEndpointExistence" name="test_issues_endpoint_exists" time="0.059" /><testcase classname="backend.tests.test_engagement_pulse_api.TestEndpointExistence" name="test_dashboard_summary_endpoint_exists" time="0.063" /></testsuite></testsuites>